[backblue.gif]
[fade.gif]
[index.html]
[browser.sentry-cdn.com/6.4.1/bundle.min.js]
[www.google-analytics.com/analytics.js]
[d13pxqgp3ixdbh.cloudfront.net/uploads/1632107662795efa4023d27c3455b8aed22d034edf.jpg]
[d13pxqgp3ixdbh.cloudfront.net/uploads/1631511083f39867fd92dd6caca83aa5112e8906ba.png]
[d13pxqgp3ixdbh.cloudfront.net/uploads/1601679458ca239b294e26b16c00c564d78ac096af.png]
[d13pxqgp3ixdbh.cloudfront.net/uploads/1631511082af4cbd30bb8e228fb659cbd3814499de.png]
[d13pxqgp3ixdbh.cloudfront.net/uploads/16315110834d3bce670163ff1a6091c1f3c6701681.png]
[d13pxqgp3ixdbh.cloudfront.net/uploads/16315110871513cf445e8490299c539a2221079730.png]
[d13pxqgp3ixdbh.cloudfront.net/uploads/1619265496817b7e296dd02b6b911048ec12b2c9fe.png]
[d13pxqgp3ixdbh.cloudfront.net/uploads/1631511082d12c19e7d3d0b269dc13901b06665228.png]
[d13pxqgp3ixdbh.cloudfront.net/uploads/16321076630b8c2a94c4fb10e1a430345859fd3f87.png]
[d13pxqgp3ixdbh.cloudfront.net/uploads/161909761701afebe6db914cae0df0e58526ed8013.png]
[d13pxqgp3ixdbh.cloudfront.net/uploads/16190976186526b111b8742cc1c8da390a443f23d3.png]
[ajax.googleapis.com/ajax/libs/jquery/2.2.4/jquery.min.js]
[d13nu0oomnx5ti.cloudfront.net/a207aec.js]
[antibot.cc/5c4c64d.html]
[antibot.cc/style.html]
[antibot.cc/main.html]
[antibot.cc/customTemplateGlobal.html]
